Arguments: 
  E:\nodejs\node.exe C:\Users\delle\AppData\Roaming\npm\node_modules\yarn\bin\yarn.js install

PATH: 
  C:\Program Files (x86)\Common Files\Oracle\Java\javapath;C:\Windows\system32;C:\Windows;C:\Windows\System32\Wbem;C:\Windows\System32\WindowsPowerShell\v1.0\;C:\Windows\System32\OpenSSH\;E:\nodejs\;E:\Microsoft VS Code\bin;E:\java\bin;E:\Flutter\flutter\bin;C:\Program Files\dotnet\;C:\Program Files\Microsoft SQL Server\130\Tools\Binn\;C:\Program Files\Microsoft SQL Server\Client SDK\ODBC\170\Tools\Binn\;E:\Git\cmd;E:\cygwin\bin;E:\Brackets\command;C:\Users\delle\AppData\Local\Microsoft\WindowsApps;C:\Users\delle\AppData\Roaming\npm

Yarn version: 
  1.16.0

Node version: 
  10.15.3

Platform: 
  win32 x64

Trace: 
  SyntaxError: D:\git\html-element-js\package.json: Unexpected token } in JSON at position 1036
      at JSON.parse (<anonymous>)
      at C:\Users\delle\AppData\Roaming\npm\node_modules\yarn\lib\cli.js:1625:59
      at Generator.next (<anonymous>)
      at step (C:\Users\delle\AppData\Roaming\npm\node_modules\yarn\lib\cli.js:304:30)
      at C:\Users\delle\AppData\Roaming\npm\node_modules\yarn\lib\cli.js:315:13

npm manifest: 
  {
    "name": "html-element-js",
    "version": "0.1.12",
    "description": "A simple library for create and manipulating DOM using JavaScript DOM api.",
    "main": "build/html-element.js",
    "scripts": {
      "build": "webpack",
      "test": "echo \"Error: no test specified\" && exit 1"
    },
    "repository": {
      "type": "git",
      "url": "git+https://github.com/deadlyjack/html-element-js.git"
    },
    "keywords": [
      "html",
      "element",
      "javascript",
      "HTMLElement",
      "DOM Manipulation"
    ],
    "author": "delleven jack",
    "license": "MIT",
    "bugs": {
      "url": "https://github.com/deadlyjack/html-element-js/issues"
    },
    "homepage": "https://github.com/deadlyjack/html-element-js#readme",
    "devDependencies": {
      "@babel/core": "^7.4.3",
      "@babel/preset-env": "^7.4.3",
      "babel-loader": "^8.0.5",
      "webpack": "^4.30.0",
      "webpack-cli": "^3.3.0",
      "css-loader": "^3.0.0",
      "mini-css-extract-plugin": "^0.7.0",
      "node-sass": "^4.12.0",
      "sass-loader": "^7.1.0",
      "style-loader": "^0.23.1",
    },
    "dependencies": {}
  }

yarn manifest: 
  No manifest

Lockfile: 
  No lockfile
